
EXP-00056: ORACLE error 1017 encountered
ORA-01017: invalid username/password; logon denied
Connected to: Oracle Database 10g Express Edition Release 10.2.0.1.0 - Production
Export done in WE8MSWIN1252 character set and AL16UTF16 NCHAR character set

About to export specified users ...
. exporting pre-schema procedural objects and actions
. exporting foreign function library names for user DEMON 
. exporting PUBLIC type synonyms
. exporting private type synonyms
. exporting object type definitions for user DEMON 
About to export DEMON's objects ...
. exporting database links
. exporting sequence numbers
. exporting cluster definitions
. about to export DEMON's tables via Conventional Path ...
. . exporting table                 TBL_DISCUSSION
                                                           13 rows exported
. . exporting table      TBL_DISCUSSION_ATTACHMENT
                                                            0 rows exported
. . exporting table            TBL_FORGOT_PASSWORD
                                                           15 rows exported
. . exporting table                  TBL_ITEM_TASK
                                                           30 rows exported
. . exporting table             TBL_ITEM_TASK_TIME
                                                            0 rows exported
. . exporting table                    TBL_PROJECT
                                                           10 rows exported
. . exporting table           TBL_PROJECT_DOCUMENT
                                                           13 rows exported
. . exporting table           TBL_PROJECT_PLANNING
                                                            0 rows exported
. . exporting table    TBL_PROJECT_PLANNING_DETAIL
                                                            1 rows exported
. . exporting table         TBL_SUPERVISOR_PROJECT
                                                           17 rows exported
. . exporting table                       TBL_USER
                                                           12 rows exported
. . exporting table                  TBL_USER_TYPE
                                                            5 rows exported
. . exporting table             TBL_VENDOR_PROJECT
                                                            0 rows exported
. exporting synonyms
. exporting views
. exporting stored procedures
. exporting operators
. exporting referential integrity constraints
. exporting triggers
. exporting indextypes
. exporting bitmap, functional and extensible indexes
. exporting posttables actions
. exporting materialized views
. exporting snapshot logs
. exporting job queues
. exporting refresh groups and children
. exporting dimensions
. exporting post-schema procedural objects and actions
. exporting statistics
Export terminated successfully without warnings.
